<?xml version="1.0" encoding="UTF-8"?>
<!-- Generated by org.testng.reporters.JUnitXMLReporter -->
<testsuite ignored="0" hostname="LAPTOP-M3BBU8N8" failures="0" tests="6" name="Surefire test" time="0.04" errors="0" timestamp="2020-10-20T16:26:13 IST">
  <testcase classname="MavenPrj.MavenJava.AppiumTest" name="NativeAndroidApp" time="0.005"/>
  <testcase classname="MavenPrj.MavenJava.AppiumTest" name="iosApps" time="0.001"/>
  <testcase classname="MavenPrj.MavenJava.RestAPITest" name="PostJira" time="0.0"/>
  <testcase classname="MavenPrj.MavenJava.RestAPITest" name="delettwitter" time="0.0"/>
  <testcase classname="MavenPrj.MavenJava.SeleniumTest" name="BrowseAutoation" time="0.001"/>
  <testcase classname="MavenPrj.MavenJava.SeleniumTest" name="elementUi" time="0.001"/>
</testsuite> <!-- Surefire test -->
