<?xml version="1.0" encoding="UTF-8"?>
<!-- Generated by org.testng.reporters.JUnitXMLReporter -->
<testsuite ignored="1" hostname="LAPTOP-M3BBU8N8" failures="0" tests="2" name="CarLoan" time="0.006" errors="0" timestamp="2020-10-14T11:54:51 IST">
  <testcase classname="test.Day3" name="RestAPILogin" time="0.001"/>
  <testcase classname="test.Day3" name="webLogin" time="0.001"/>
  <testcase classname="test.Day3" name="MobileLogin" time="0.0">
    <ignored/>
  </testcase> <!-- MobileLogin -->
</testsuite> <!-- CarLoan -->
