<?xml version="1.0" encoding="UTF-8"?>
<!-- Generated by org.testng.reporters.JUnitXMLReporter -->
<testsuite ignored="1" hostname="LAPTOP-M3BBU8N8" failures="0" tests="5" name="Personal Loan" time="0.042" errors="0" timestamp="2020-10-14T11:54:51 IST">
  <testcase classname="test.Day1" name="Demo" time="0.006"/>
  <testcase classname="test.Day2" name="SecondDay" time="0.001"/>
  <testcase classname="test.Day4" name="MobileLoginhomeloan" time="0.001"/>
  <testcase classname="test.Day4" name="RestAPILoginhomeloan" time="0.001"/>
  <testcase classname="test.Day4" name="webLoginhomeloan" time="0.001"/>
  <testcase classname="test.Day1" name="SecontTestCase" time="0.0">
    <ignored/>
  </testcase> <!-- SecontTestCase -->
</testsuite> <!-- Personal Loan -->
