<?xml version="1.0" encoding="UTF-8"?>
<testng-results ignored="0" total="1" passed="1" failed="0" skipped="0">
  <reporter-output>
  </reporter-output>
  <suite started-at="2020-10-26T21:26:22 IST" name="Suite" finished-at="2020-10-26T21:26:42 IST" duration-ms="19973">
    <groups>
    </groups>
    <test started-at="2020-10-26T21:26:22 IST" name="Test" finished-at="2020-10-26T21:26:42 IST" duration-ms="19973">
      <class name="Log4j_continued.seleniumtestcase_log4j.act">
        <test-method is-config="true" signature="config()[pri:0, instance:Log4j_continued.seleniumtestcase_log4j.act@b1712f3]" started-at="2020-10-26T21:26:22 IST" name="config" finished-at="2020-10-26T21:26:22 IST" duration-ms="525" status="PASS">
          <reporter-output>
          </reporter-output>
        </test-method> <!-- config -->
        <test-method signature="test()[pri:0, instance:Log4j_continued.seleniumtestcase_log4j.act@b1712f3]" started-at="2020-10-26T21:26:23 IST" name="test" finished-at="2020-10-26T21:26:42 IST" duration-ms="19415" status="PASS">
          <reporter-output>
          </reporter-output>
        </test-method> <!-- test -->
      </class> <!-- Log4j_continued.seleniumtestcase_log4j.act -->
    </test> <!-- Test -->
  </suite> <!-- Suite -->
</testng-results>
