<?xml version="1.0" encoding="UTF-8"?>
<!-- Generated by org.testng.reporters.JUnitXMLReporter -->
<testsuite ignored="0" hostname="LAPTOP-M3BBU8N8" failures="0" tests="4" name="HomePage" time="75.491" errors="0" timestamp="2020-10-27T00:38:55 IST">
  <testcase classname="Academy.E2EProjct.hompage" name="basepagenavigation" time="24.086"/>
  <testcase classname="Academy.E2EProjct.hompage" name="basepagenavigation" time="15.179"/>
  <testcase classname="Academy.E2EProjct.hompage" name="basepagenavigation" time="14.568"/>
  <testcase classname="Academy.E2EProjct.hompage" name="basepagenavigation" time="15.35"/>
</testsuite> <!-- HomePage -->
