<?xml version="1.0" encoding="UTF-8"?>
<!-- Generated by org.testng.reporters.JUnitXMLReporter -->
<testsuite ignored="0" hostname="LAPTOP-M3BBU8N8" failures="0" tests="6" name="Test" time="98.029" errors="0" timestamp="2020-10-26T22:40:34 IST">
  <testcase classname="Academy.E2EProjct.validatenavbar" name="basepagenavigation" time="0.098"/>
  <testcase classname="Academy.E2EProjct.validateText" name="basepagenavigation" time="0.121"/>
  <testcase classname="Academy.E2EProjct.hompage" name="basepagenavigation" time="16.935"/>
  <testcase classname="Academy.E2EProjct.hompage" name="basepagenavigation" time="14.319"/>
  <testcase classname="Academy.E2EProjct.hompage" name="basepagenavigation" time="14.098"/>
  <testcase classname="Academy.E2EProjct.hompage" name="basepagenavigation" time="13.228"/>
</testsuite> <!-- Test -->
