<?xml version="1.0" encoding="UTF-8"?>
<!-- Generated by org.testng.reporters.JUnitXMLReporter -->
<testsuite ignored="0" hostname="LAPTOP-M3BBU8N8" failures="0" tests="4" name="Validating User login" time="75.429" errors="0" timestamp="2020-10-28T18:22:07 IST">
  <testcase classname="Academy.E2EProjct.hompage" name="basepagenavigation" time="23.371"/>
  <testcase classname="Academy.E2EProjct.hompage" name="basepagenavigation" time="14.845"/>
  <testcase classname="Academy.E2EProjct.hompage" name="basepagenavigation" time="14.862"/>
  <testcase classname="Academy.E2EProjct.hompage" name="basepagenavigation" time="15.519"/>
</testsuite> <!-- Validating User login -->
