<?xml version="1.0" encoding="UTF-8"?>
<!-- Generated by org.testng.reporters.JUnitXMLReporter -->
<testsuite ignored="0" hostname="LAPTOP-M3BBU8N8" failures="1" tests="1" name="Validating title in the Page" time="19.818" errors="0" timestamp="2020-10-28T18:21:11 IST">
  <testcase classname="Academy.E2EProjct.validateText" name="validationText" time="2.677">
    <failure type="java.lang.AssertionError" message="expected [Learn Earn &amp;amp; Shine1] but found [Learn Earn &amp;amp; Shine]">
      <![CDATA[java.lang.AssertionError: expected [Learn Earn & Shine1] but found [Learn Earn & Shine]
at Academy.E2EProjct.validateText.validationText(validateText.java:39)
at java.base/java.util.ArrayList.forEach(ArrayList.java:1541)
at java.base/java.util.concurrent.FutureTask.run(FutureTask.java:264)
at java.base/java.util.concurrent.ThreadPoolExecutor.runWorker(ThreadPoolExecutor.java:1128)
at java.base/java.util.concurrent.ThreadPoolExecutor$Worker.run(ThreadPoolExecutor.java:628)
at java.base/java.lang.Thread.run(Thread.java:834)
... Removed 24 stack frames]]>
    </failure>
  </testcase> <!-- validationText -->
</testsuite> <!-- Validating title in the Page -->
