<?xml version="1.0" encoding="UTF-8"?>
<!-- Generated by org.testng.reporters.JUnitXMLReporter -->
<testsuite ignored="0" hostname="LAPTOP-M3BBU8N8" failures="0" tests="6" name="Test" time="0.047" errors="0" timestamp="2020-10-13T16:09:49 IST">
  <testcase classname="test.Day1" name="Demo" time="0.007"/>
  <testcase classname="test.Day1" name="SecontTestCase" time="0.002"/>
  <testcase classname="test.Day2" name="SecondDay" time="0.001"/>
  <testcase classname="test.Day4" name="MobileLoginhomeloan" time="0.001"/>
  <testcase classname="test.Day4" name="RestAPILoginhomeloan" time="0.001"/>
  <testcase classname="test.Day4" name="webLoginhomeloan" time="0.0"/>
</testsuite> <!-- Test -->
