<?xml version="1.0" encoding="UTF-8"?>
<testsuite xmlns:xsi="http://www.w3.org/2001/XMLSchema-instance" xsi:noNamespaceSchemaLocation="https://maven.apache.org/surefire/maven-surefire-plugin/xsd/surefire-test-report-3.0.xsd" version="3.0" name="TestSuite" time="129.364" tests="7" errors="0" skipped="0" failures="1">
  <properties>
[...]
</properties>
  <testcase name="ValidationtNavBar" classname="Academy.E2EProjct.validatenavbar" time="0.649">
    <system-out><![CDATA[[TestNG] [WARN] Ignoring duplicate listener : Academy.E2EProjct.Listeners
]]></system-out>
    <system-err><![CDATA[SLF4J: Failed to load class "org.slf4j.impl.StaticLoggerBinder".
SLF4J: Defaulting to no-operation (NOP) logger implementation
SLF4J: See http://www.slf4j.org/codes.html#StaticLoggerBinder for further details.
SSttaratirntg iChng rComheDrriveor 8m6.e0.D42r40.i22v e(3r 988b607.4033.543f2f3460fb.12b822 (43689f86b30a7433a39533ffb34e62fbe18b98e-2r4ef6s8/fbr6a3ncah3-hae9a3dbs4/e422e8490e@-{r#3e7f8s/})b roann pcohr-t h4e1a1d9s8/
4O2n4l0y @l{o#c3al7 8c}o)n neocnt poironts  ar3e 2al8l7o1wed.

OPlnealsye  sele ohcttpas:l/ /cchornonmeedrcivteri.cohrnomsiu m.aorrg/ese cuarlitly-ocwonesidde.rati
onPs lfoera ssueg gessetieo nsh tont kpeespi:ng/ /ChcrohmreDorimveer dsrafie.v
er.chromium.org/security-considerations for suggestions on keeping ChromeDriver safe.
Starting ChromeDriver 86.0.4240.22 (398b0743353ff36fb1b82468f63a3a93b4e2e89e-refs/branch-heads/4240@{#378}) on port 20093
Only local connections are allowed.
Please see https://chromedriver.chromium.org/security-considerations for suggestions on keeping ChromeDriver safe.
ChromeDriver was started successfully.
ChromeDriver was started successfully.
ChromeDriver was started successfully.
Oct 28, 2020 6:20:56 PM org.openqa.selenium.remote.ProtocolHandshake createSession
INFO: Detected dialect: W3C
Oct 28, 2020 6:20:56 PM org.openqa.selenium.remote.ProtocolHandshake createSession
INFO: Detected dialect: W3C
Oct 28, 2020 6:20:56 PM org.openqa.selenium.remote.ProtocolHandshake createSession
INFO: Detected dialect: W3C
]]></system-err>
  </testcase>
  <testcase name="validationText" classname="Academy.E2EProjct.validateText" time="2.182">
    <failure message="expected [Learn Earn &amp; Shine1] but found [Learn Earn &amp; Shine]" type="java.lang.AssertionError"><![CDATA[java.lang.AssertionError: expected [Learn Earn & Shine1] but found [Learn Earn & Shine]
	at Academy.E2EProjct.validateText.validationText(validateText.java:39)
]]></failure>
  </testcase>
  <testcase name="basepagenavigation[nonrestriceduse@mail.com, pwd123, nonrestriced user](1)" classname="Academy.E2EProjct.hompage" time="12.562"/>
  <testcase name="basepagenavigation[restricteduser@mail.com, pwd456, restriced user](2)" classname="Academy.E2EProjct.hompage" time="14.846"/>
  <testcase name="basepagenavigation[nonrestricteduser@mail.com, pwd789, nonrestriced user](3)" classname="Academy.E2EProjct.hompage" time="14.862"/>
  <testcase name="basepagenavigation[nouserdata@mail.com, 12333, nouser data](4)" classname="Academy.E2EProjct.hompage" time="15.519"/>
  <testcase name="feature[Login into Application](1)" classname="cucmberOptions.TestRunner" time="51.979">
    <system-err><![CDATA[Starting ChromeDriver 86.0.4240.22 (398b0743353ff36fb1b82468f63a3a93b4e2e89e-refs/branch-heads/4240@{#378}) on port 27639
Only local connections are allowed.
Please see https://chromedriver.chromium.org/security-considerations for suggestions on keeping ChromeDriver safe.
ChromeDriver was started successfully.
Oct 28, 2020 6:22:13 PM org.openqa.selenium.remote.ProtocolHandshake createSession
INFO: Detected dialect: W3C
Starting ChromeDriver 86.0.4240.22 (398b0743353ff36fb1b82468f63a3a93b4e2e89e-refs/branch-heads/4240@{#378}) on port 16353
Only local connections are allowed.
Please see https://chromedriver.chromium.org/security-considerations for suggestions on keeping ChromeDriver safe.
ChromeDriver was started successfully.
Oct 28, 2020 6:22:38 PM org.openqa.selenium.remote.ProtocolHandshake createSession
INFO: Detected dialect: W3C
]]></system-err>
  </testcase>
</testsuite>