-------------------------------------------------------------------------------
Test set: TestSuite
-------------------------------------------------------------------------------
Tests run: 7, Failures: 1, Errors: 0, Skipped: 0, Time elapsed: 129.364 s <<< FAILURE! - in TestSuite
Academy.E2EProjct.validateText.validationText  Time elapsed: 2.182 s  <<< FAILURE!
java.lang.AssertionError: expected [Learn Earn & Shine1] but found [Learn Earn & Shine]
	at Academy.E2EProjct.validateText.validationText(validateText.java:39)

