<?xml version="1.0" encoding="UTF-8"?>
<!-- Generated by org.testng.reporters.JUnitXMLReporter -->
<testsuite ignored="0" hostname="LAPTOP-M3BBU8N8" failures="0" tests="6" name="Test" time="104.614" errors="0" timestamp="2020-10-26T21:13:46 IST">
  <testcase classname="Academy.E2EProjct.validatenavbar" name="basepagenavigation" time="0.094"/>
  <testcase classname="Academy.E2EProjct.validateText" name="basepagenavigation" time="0.037"/>
  <testcase classname="Academy.E2EProjct.hompage" name="basepagenavigation" time="18.805"/>
  <testcase classname="Academy.E2EProjct.hompage" name="basepagenavigation" time="16.909"/>
  <testcase classname="Academy.E2EProjct.hompage" name="basepagenavigation" time="15.715"/>
  <testcase classname="Academy.E2EProjct.hompage" name="basepagenavigation" time="15.079"/>
</testsuite> <!-- Test -->
