<?xml version="1.0" encoding="UTF-8"?>
<!-- Generated by org.testng.reporters.JUnitXMLReporter -->
<testsuite ignored="0" hostname="LAPTOP-M3BBU8N8" failures="1" tests="1" name="Validating title in the Page" time="20.82" errors="0" timestamp="2020-10-27T11:50:34 IST">
  <testcase classname="Academy.E2EProjct.validateText" name="basepagenavigation" time="1.299">
    <failure type="java.lang.AssertionError" message="expected [Learn Earn &amp;amp; Shine1] but found [Learn Earn &amp;amp; Shine]">
      <![CDATA[java.lang.AssertionError: expected [Learn Earn & Shine1] but found [Learn Earn & Shine]
at Academy.E2EProjct.validateText.basepagenavigation(validateText.java:39)
at java.base/java.util.ArrayList.forEach(ArrayList.java:1511)
at java.base/java.util.concurrent.FutureTask.run(FutureTask.java:264)
at java.base/java.util.concurrent.ThreadPoolExecutor.runWorker(ThreadPoolExecutor.java:1130)
at java.base/java.util.concurrent.ThreadPoolExecutor$Worker.run(ThreadPoolExecutor.java:630)
at java.base/java.lang.Thread.run(Thread.java:832)
... Removed 24 stack frames]]>
    </failure>
  </testcase> <!-- basepagenavigation -->
</testsuite> <!-- Validating title in the Page -->
