<?xml version="1.0" encoding="UTF-8"?>
<testng-results ignored="0" total="1" passed="1" failed="0" skipped="0">
  <reporter-output>
  </reporter-output>
  <suite started-at="2020-10-23T02:46:02 IST" name="Suite" finished-at="2020-10-23T02:46:17 IST" duration-ms="15685">
    <groups>
    </groups>
    <test started-at="2020-10-23T02:46:02 IST" name="Test" finished-at="2020-10-23T02:46:17 IST" duration-ms="15685">
      <class name="Log4j_continued.seleniumtestcase_log4j.act">
        <test-method signature="test()[pri:0, instance:Log4j_continued.seleniumtestcase_log4j.act@73194df]" started-at="2020-10-23T02:46:02 IST" name="test" finished-at="2020-10-23T02:46:17 IST" duration-ms="15660" status="PASS">
          <reporter-output>
          </reporter-output>
        </test-method> <!-- test -->
      </class> <!-- Log4j_continued.seleniumtestcase_log4j.act -->
    </test> <!-- Test -->
  </suite> <!-- Suite -->
</testng-results>
