<?xml version="1.0" encoding="UTF-8"?>
<testng-results ignored="0" total="1" passed="1" failed="0" skipped="0">
  <reporter-output>
  </reporter-output>
  <suite started-at="2020-10-21T03:14:49 IST" name="Default suite" finished-at="2020-10-21T03:15:03 IST" duration-ms="14230">
    <groups>
    </groups>
    <test started-at="2020-10-21T03:14:49 IST" name="Default test" finished-at="2020-10-21T03:15:03 IST" duration-ms="14230">
      <class name="MavenProject.ExtentReports.ExtentReportDemo">
        <test-method is-config="true" signature="config()[pri:0, instance:MavenProject.ExtentReports.ExtentReportDemo@6c64cb25]" started-at="2020-10-21T03:14:49 IST" name="config" finished-at="2020-10-21T03:14:49 IST" duration-ms="133" status="PASS">
          <reporter-output>
          </reporter-output>
        </test-method> <!-- config -->
        <test-method signature="intialDemo()[pri:0, instance:MavenProject.ExtentReports.ExtentReportDemo@6c64cb25]" started-at="2020-10-21T03:14:49 IST" name="intialDemo" finished-at="2020-10-21T03:15:03 IST" duration-ms="14071" status="PASS">
          <reporter-output>
          </reporter-output>
        </test-method> <!-- intialDemo -->
      </class> <!-- MavenProject.ExtentReports.ExtentReportDemo -->
    </test> <!-- Default test -->
  </suite> <!-- Default suite -->
</testng-results>
