<?xml version="1.0" encoding="UTF-8"?>
<testng-results ignored="0" total="1" passed="1" failed="0" skipped="0">
  <reporter-output>
  </reporter-output>
  <suite started-at="2020-10-20T11:43:01 IST" name="Default suite" finished-at="2020-10-20T11:43:06 IST" duration-ms="4815">
    <groups>
    </groups>
    <test started-at="2020-10-20T11:43:01 IST" name="Default test" finished-at="2020-10-20T11:43:06 IST" duration-ms="4815">
      <class name="restAPITest.testRunner">
        <test-method signature="SoapTest()[pri:0, instance:restAPITest.testRunner@2a65fe7c]" started-at="2020-10-20T11:43:01 IST" name="SoapTest" finished-at="2020-10-20T11:43:06 IST" duration-ms="4780" status="PASS">
          <reporter-output>
          </reporter-output>
        </test-method> <!-- SoapTest -->
      </class> <!-- restAPITest.testRunner -->
    </test> <!-- Default test -->
  </suite> <!-- Default suite -->
</testng-results>
