<?xml version="1.0" encoding="UTF-8"?>
<testng-results ignored="0" total="1" passed="1" failed="0" skipped="0">
  <reporter-output>
  </reporter-output>
  <suite started-at="2020-10-28T17:47:14 IST" name="Default suite" finished-at="2020-10-28T17:48:03 IST" duration-ms="49611">
    <groups>
      <group name="cucumber">
        <method signature="AbstractTestNGCucumberTests.feature(cucumber.api.testng.CucumberFeatureWrapper)[pri:0, instance:cucmberOptions.TestRunner@2667f029]" name="feature" class="cucumber.api.testng.AbstractTestNGCucumberTests"/>
      </group> <!-- cucumber -->
    </groups>
    <test started-at="2020-10-28T17:47:14 IST" name="Default test" finished-at="2020-10-28T17:48:03 IST" duration-ms="49611">
      <class name="cucmberOptions.TestRunner">
        <test-method is-config="true" signature="setUpClass()[pri:0, instance:cucmberOptions.TestRunner@2667f029]" started-at="2020-10-28T17:47:14 IST" name="setUpClass" finished-at="2020-10-28T17:47:14 IST" duration-ms="155" status="PASS">
          <reporter-output>
          </reporter-output>
        </test-method> <!-- setUpClass -->
        <test-method signature="feature(cucumber.api.testng.CucumberFeatureWrapper)[pri:0, instance:cucmberOptions.TestRunner@2667f029]" started-at="2020-10-28T17:47:14 IST" name="feature" description="Runs Cucumber Feature" data-provider="features" finished-at="2020-10-28T17:48:03 IST" duration-ms="49369" status="PASS">
          <params>
            <param index="0">
              <value>
                <![CDATA[Login into Application]]>
              </value>
            </param>
          </params>
          <reporter-output>
          </reporter-output>
        </test-method> <!-- feature -->
        <test-method is-config="true" signature="tearDownClass()[pri:0, instance:cucmberOptions.TestRunner@2667f029]" started-at="2020-10-28T17:48:03 IST" name="tearDownClass" finished-at="2020-10-28T17:48:03 IST" duration-ms="2" status="PASS">
          <reporter-output>
          </reporter-output>
        </test-method> <!-- tearDownClass -->
      </class> <!-- cucmberOptions.TestRunner -->
    </test> <!-- Default test -->
  </suite> <!-- Default suite -->
</testng-results>
