<?xml version="1.0" encoding="UTF-8"?>
<!-- Generated by org.testng.reporters.JUnitXMLReporter -->
<testsuite ignored="0" hostname="LAPTOP-M3BBU8N8" failures="0" tests="4" name="Test" time="0.049" errors="0" timestamp="2020-10-21T00:49:26 IST">
  <testcase classname="MavenPrj.MavenJava.RestAPITest" name="PostJira" time="0.004"/>
  <testcase classname="MavenPrj.MavenJava.RestAPITest" name="delettwitter" time="0.001"/>
  <testcase classname="MavenPrj.MavenJava.SeleniumTest" name="BrowseAutoation" time="0.001"/>
  <testcase classname="MavenPrj.MavenJava.SeleniumTest" name="elementUi" time="0.0"/>
</testsuite> <!-- Test -->
